# JRE version: Java(TM) SE Runtime Environment (8.0_111-b14) (build 1.8.0_111-b14)
# Java VM: Java HotSpot(TM) 64-Bit Server VM (25.111-b14 mixed mode windows-amd64 compressed oops)
Heap:
 PSYoungGen      total 173568K, used 34965K [0x00000000e0000000, 0x00000000ed800000, 0x0000000100000000)
  eden space 149504K, 21% used [0x00000000e0000000,0x00000000e1fd1dc0,0x00000000e9200000)
  from space 24064K, 9% used [0x00000000e9200000,0x00000000e9453a30,0x00000000ea980000)
  to   space 23040K, 0% used [0x00000000ec180000,0x00000000ec180000,0x00000000ed800000)
 ParOldGen       total 103936K, used 53070K [0x00000000a0000000, 0x00000000a6580000, 0x00000000e0000000)
  object space 103936K, 51% used [0x00000000a0000000,0x00000000a33d3af8,0x00000000a6580000)
 Metaspace       used 70120K, capacity 72528K, committed 72832K, reserved 1112064K
  class space    used 9500K, capacity 10061K, committed 10112K, reserved 1048576K
GC Heap History (10 events):
Event: 293.500 GC heap before
{Heap before GC invocations=27 (full 3):
 PSYoungGen      total 136192K, used 135534K [0x00000000e0000000, 0x00000000eb080000, 0x0000000100000000)
  eden space 121856K, 99% used [0x00000000e0000000,0x00000000e765dd30,0x00000000e7700000)
  from space 14336K, 99% used [0x00000000e7700000,0x00000000e84fdca8,0x00000000e8500000)
  to   space 22016K, 0% used [0x00000000e9b00000,0x00000000e9b00000,0x00000000eb080000)
 ParOldGen       total 65536K, used 45962K [0x00000000a0000000, 0x00000000a4000000, 0x00000000e0000000)
  object space 65536K, 70% used [0x00000000a0000000,0x00000000a2ce2828,0x00000000a4000000)
 Metaspace       used 68391K, capacity 70596K, committed 70784K, reserved 1110016K
  class space    used 9304K, capacity 9845K, committed 9856K, reserved 1048576K
Event: 293.624 GC heap after
Heap after GC invocations=27 (full 3):
 PSYoungGen      total 157184K, used 17040K [0x00000000e0000000, 0x00000000eb300000, 0x0000000100000000)
  eden space 135168K, 0% used [0x00000000e0000000,0x00000000e0000000,0x00000000e8400000)
  from space 22016K, 77% used [0x00000000e9b00000,0x00000000eaba4358,0x00000000eb080000)
  to   space 23552K, 0% used [0x00000000e8400000,0x00000000e8400000,0x00000000e9b00000)
 ParOldGen       total 65536K, used 55098K [0x00000000a0000000, 0x00000000a4000000, 0x00000000e0000000)
  object space 65536K, 84% used [0x00000000a0000000,0x00000000a35ce970,0x00000000a4000000)
 Metaspace       used 68391K, capacity 70596K, committed 70784K, reserved 1110016K
  class space    used 9304K, capacity 9845K, committed 9856K, reserved 1048576K
}
Event: 293.624 GC heap before
{Heap before GC invocations=28 (full 4):
 PSYoungGen      total 157184K, used 17040K [0x00000000e0000000, 0x00000000eb300000, 0x0000000100000000)
  eden space 135168K, 0% used [0x00000000e0000000,0x00000000e0000000,0x00000000e8400000)
  from space 22016K, 77% used [0x00000000e9b00000,0x00000000eaba4358,0x00000000eb080000)
  to   space 23552K, 0% used [0x00000000e8400000,0x00000000e8400000,0x00000000e9b00000)
 ParOldGen       total 65536K, used 55098K [0x00000000a0000000, 0x00000000a4000000, 0x00000000e0000000)
  object space 65536K, 84% used [0x00000000a0000000,0x00000000a35ce970,0x00000000a4000000)
 Metaspace       used 68391K, capacity 70596K, committed 70784K, reserved 1110016K
  class space    used 9304K, capacity 9845K, committed 9856K, reserved 1048576K
Event: 294.213 GC heap after
Heap after GC invocations=28 (full 4):
 PSYoungGen      total 157184K, used 0K [0x00000000e0000000, 0x00000000eb300000, 0x0000000100000000)
  eden space 135168K, 0% used [0x00000000e0000000,0x00000000e0000000,0x00000000e8400000)
  from space 22016K, 0% used [0x00000000e9b00000,0x00000000e9b00000,0x00000000eb080000)
  to   space 23552K, 0% used [0x00000000e8400000,0x00000000e8400000,0x00000000e9b00000)
 ParOldGen       total 103936K, used 53046K [0x00000000a0000000, 0x00000000a6580000, 0x00000000e0000000)
  object space 103936K, 51% used [0x00000000a0000000,0x00000000a33cdaf8,0x00000000a6580000)
 Metaspace       used 68391K, capacity 70596K, committed 70784K, reserved 1110016K
  class space    used 9304K, capacity 9845K, committed 9856K, reserved 1048576K
}
Event: 294.284 GC heap before
{Heap before GC invocations=29 (full 4):
 PSYoungGen      total 157184K, used 134678K [0x00000000e0000000, 0x00000000eb300000, 0x0000000100000000)
  eden space 135168K, 99% used [0x00000000e0000000,0x00000000e8385998,0x00000000e8400000)
  from space 22016K, 0% used [0x00000000e9b00000,0x00000000e9b00000,0x00000000eb080000)
  to   space 23552K, 0% used [0x00000000e8400000,0x00000000e8400000,0x00000000e9b00000)
 ParOldGen       total 103936K, used 53046K [0x00000000a0000000, 0x00000000a6580000, 0x00000000e0000000)
  object space 103936K, 51% used [0x00000000a0000000,0x00000000a33cdaf8,0x00000000a6580000)
 Metaspace       used 68400K, capacity 70660K, committed 70784K, reserved 1110016K
  class space    used 9304K, capacity 9845K, committed 9856K, reserved 1048576K
Event: 294.291 GC heap after
Heap after GC invocations=29 (full 4):
 PSYoungGen      total 158720K, used 96K [0x00000000e0000000, 0x00000000ec100000, 0x0000000100000000)
  eden space 135168K, 0% used [0x00000000e0000000,0x00000000e0000000,0x00000000e8400000)
  from space 23552K, 0% used [0x00000000e8400000,0x00000000e8418000,0x00000000e9b00000)
  to   space 24064K, 0% used [0x00000000ea980000,0x00000000ea980000,0x00000000ec100000)
 ParOldGen       total 103936K, used 53054K [0x00000000a0000000, 0x00000000a6580000, 0x00000000e0000000)
  object space 103936K, 51% used [0x00000000a0000000,0x00000000a33cfaf8,0x00000000a6580000)
 Metaspace       used 68400K, capacity 70660K, committed 70784K, reserved 1110016K
  class space    used 9304K, capacity 9845K, committed 9856K, reserved 1048576K
}
Event: 294.342 GC heap before
{Heap before GC invocations=30 (full 4):
 PSYoungGen      total 158720K, used 134872K [0x00000000e0000000, 0x00000000ec100000, 0x0000000100000000)
  eden space 135168K, 99% used [0x00000000e0000000,0x00000000e839e3b0,0x00000000e8400000)
  from space 23552K, 0% used [0x00000000e8400000,0x00000000e8418000,0x00000000e9b00000)
  to   space 24064K, 0% used [0x00000000ea980000,0x00000000ea980000,0x00000000ec100000)
 ParOldGen       total 103936K, used 53054K [0x00000000a0000000, 0x00000000a6580000, 0x00000000e0000000)
  object space 103936K, 51% used [0x00000000a0000000,0x00000000a33cfaf8,0x00000000a6580000)
 Metaspace       used 68403K, capacity 70660K, committed 70784K, reserved 1110016K
  class space    used 9304K, capacity 9845K, committed 9856K, reserved 1048576K
Event: 294.347 GC heap after
Heap after GC invocations=30 (full 4):
 PSYoungGen      total 173568K, used 96K [0x00000000e0000000, 0x00000000ecb80000, 0x0000000100000000)
  eden space 149504K, 0% used [0x00000000e0000000,0x00000000e0000000,0x00000000e9200000)
  from space 24064K, 0% used [0x00000000ea980000,0x00000000ea998000,0x00000000ec100000)
  to   space 24064K, 0% used [0x00000000e9200000,0x00000000e9200000,0x00000000ea980000)
 ParOldGen       total 103936K, used 53062K [0x00000000a0000000, 0x00000000a6580000, 0x00000000e0000000)
  object space 103936K, 51% used [0x00000000a0000000,0x00000000a33d1af8,0x00000000a6580000)
 Metaspace       used 68403K, capacity 70660K, committed 70784K, reserved 1110016K
  class space    used 9304K, capacity 9845K, committed 9856K, reserved 1048576K
}
Event: 299.149 GC heap before
{Heap before GC invocations=31 (full 4):
 PSYoungGen      total 173568K, used 149600K [0x00000000e0000000, 0x00000000ecb80000, 0x0000000100000000)
  eden space 149504K, 100% used [0x00000000e0000000,0x00000000e9200000,0x00000000e9200000)
  from space 24064K, 0% used [0x00000000ea980000,0x00000000ea998000,0x00000000ec100000)
  to   space 24064K, 0% used [0x00000000e9200000,0x00000000e9200000,0x00000000ea980000)
 ParOldGen       total 103936K, used 53062K [0x00000000a0000000, 0x00000000a6580000, 0x00000000e0000000)
  object space 103936K, 51% used [0x00000000a0000000,0x00000000a33d1af8,0x00000000a6580000)
 Metaspace       used 69341K, capacity 71620K, committed 71936K, reserved 1112064K
  class space    used 9418K, capacity 9963K, committed 9984K, reserved 1048576K
Event: 299.191 GC heap after
Heap after GC invocations=31 (full 4):
 PSYoungGen      total 173568K, used 2382K [0x00000000e0000000, 0x00000000ed800000, 0x0000000100000000)
  eden space 149504K, 0% used [0x00000000e0000000,0x00000000e0000000,0x00000000e9200000)
  from space 24064K, 9% used [0x00000000e9200000,0x00000000e9453a30,0x00000000ea980000)
  to   space 23040K, 0% used [0x00000000ec180000,0x00000000ec180000,0x00000000ed800000)
 ParOldGen       total 103936K, used 53070K [0x00000000a0000000, 0x00000000a6580000, 0x00000000e0000000)
  object space 103936K, 51% used [0x00000000a0000000,0x00000000a33d3af8,0x00000000a6580000)
 Metaspace       used 69341K, capacity 71620K, committed 71936K, reserved 1112064K
  class space    used 9418K, capacity 9963K, committed 9984K, reserved 1048576K
}

